2018-08-27T14:26:08.579 +0000 INFO  - org.springframework.context.support.FileSystemXmlApplicationContext - Refreshing org.springframework.context.support.FileSystemXmlApplicationContext@470f1802: startup date [Mon Aug 27 14:26:08 UTC 2018]; root of context hierarchy
2018-08-27T14:26:08.613 +0000 INFO  - org.springframework.beans.factory.xml.XmlBeanDefinitionReader - Loading XML bean definitions from class path resource [resources/application-config.xml]
2018-08-27T14:26:08.812 +0000 INFO  - org.quartz.impl.StdSchedulerFactory - Using default implementation for ThreadExecutor
2018-08-27T14:26:08.814 +0000 INFO  - org.quartz.simpl.SimpleThreadPool - Job execution threads will use class loader of thread: main
2018-08-27T14:26:08.825 +0000 INFO  - org.quartz.core.SchedulerSignalerImpl - Initialized Scheduler Signaller of type: class org.quartz.core.SchedulerSignalerImpl
2018-08-27T14:26:08.826 +0000 INFO  - org.quartz.core.QuartzScheduler - Quartz Scheduler v.2.2.0 created.
2018-08-27T14:26:08.827 +0000 INFO  - org.quartz.simpl.RAMJobStore - RAMJobStore initialized.
2018-08-27T14:26:08.827 +0000 INFO  - org.quartz.core.QuartzScheduler - Scheduler meta-data: Quartz Scheduler (v2.2.0) 'DefaultQuartzScheduler' with instanceId 'NON_CLUSTERED'
  Scheduler class: 'org.quartz.core.QuartzScheduler' - running locally.
  NOT STARTED.
  Currently in standby mode.
  Number of jobs executed: 0
  Using thread pool 'org.quartz.simpl.SimpleThreadPool' - with 10 threads.
  Using job-store 'org.quartz.simpl.RAMJobStore' - which does not support persistence. and is not clustered.

2018-08-27T14:26:08.828 +0000 INFO  - org.quartz.impl.StdSchedulerFactory - Quartz scheduler 'DefaultQuartzScheduler' initialized from default resource file in Quartz package: 'quartz.properties'
2018-08-27T14:26:08.828 +0000 INFO  - org.quartz.impl.StdSchedulerFactory - Quartz scheduler version: 2.2.0
2018-08-27T14:26:08.828 +0000 INFO  - org.quartz.core.QuartzScheduler - Scheduler DefaultQuartzScheduler_$_NON_CLUSTERED started.
2018-08-27T14:26:09.009 +0000 INFO  - thredds.tdm.Tdm -  TDM nthreads= 1
2018-08-27T14:26:09.017 +0000 INFO  - thredds.tdm.Tdm - TDS server added https://thredds.myclimateservice.eu
2018-08-27T14:26:09.019 +0000 INFO  - thredds.tdm.Tdm - ThreddsConfigReader reading xml file = /usr/local/tomcat/content/thredds/threddsConfig.xml
2018-08-27T14:26:09.056 +0000 INFO  - thredds.tdm.Tdm - TDM set DiskCache2{cachePathPolicy=NestedDirectory, alwaysUseCache=false, cachePathPolicyParam='null', root='/usr/local/tomcat/content/thredds/cache/grib/', scourEveryMinutes=-1, persistMinutes=-1, fail=false}
2018-08-27T14:26:09.075 +0000 INFO  - org.springframework.context.support.FileSystemXmlApplicationContext - Closing org.springframework.context.support.FileSystemXmlApplicationContext@470f1802: startup date [Mon Aug 27 14:26:08 UTC 2018]; root of context hierarchy
2018-08-27T14:28:35.010 +0000 INFO  - org.springframework.context.support.FileSystemXmlApplicationContext - Refreshing org.springframework.context.support.FileSystemXmlApplicationContext@470f1802: startup date [Mon Aug 27 14:28:35 UTC 2018]; root of context hierarchy
2018-08-27T14:28:35.041 +0000 INFO  - org.springframework.beans.factory.xml.XmlBeanDefinitionReader - Loading XML bean definitions from class path resource [resources/application-config.xml]
2018-08-27T14:28:35.230 +0000 INFO  - org.quartz.impl.StdSchedulerFactory - Using default implementation for ThreadExecutor
2018-08-27T14:28:35.232 +0000 INFO  - org.quartz.simpl.SimpleThreadPool - Job execution threads will use class loader of thread: main
2018-08-27T14:28:35.243 +0000 INFO  - org.quartz.core.SchedulerSignalerImpl - Initialized Scheduler Signaller of type: class org.quartz.core.SchedulerSignalerImpl
2018-08-27T14:28:35.244 +0000 INFO  - org.quartz.core.QuartzScheduler - Quartz Scheduler v.2.2.0 created.
2018-08-27T14:28:35.245 +0000 INFO  - org.quartz.simpl.RAMJobStore - RAMJobStore initialized.
2018-08-27T14:28:35.245 +0000 INFO  - org.quartz.core.QuartzScheduler - Scheduler meta-data: Quartz Scheduler (v2.2.0) 'DefaultQuartzScheduler' with instanceId 'NON_CLUSTERED'
  Scheduler class: 'org.quartz.core.QuartzScheduler' - running locally.
  NOT STARTED.
  Currently in standby mode.
  Number of jobs executed: 0
  Using thread pool 'org.quartz.simpl.SimpleThreadPool' - with 10 threads.
  Using job-store 'org.quartz.simpl.RAMJobStore' - which does not support persistence. and is not clustered.

2018-08-27T14:28:35.246 +0000 INFO  - org.quartz.impl.StdSchedulerFactory - Quartz scheduler 'DefaultQuartzScheduler' initialized from default resource file in Quartz package: 'quartz.properties'
2018-08-27T14:28:35.246 +0000 INFO  - org.quartz.impl.StdSchedulerFactory - Quartz scheduler version: 2.2.0
2018-08-27T14:28:35.246 +0000 INFO  - org.quartz.core.QuartzScheduler - Scheduler DefaultQuartzScheduler_$_NON_CLUSTERED started.
2018-08-27T14:28:35.377 +0000 INFO  - thredds.tdm.Tdm -  TDM nthreads= 1
2018-08-27T14:28:35.384 +0000 INFO  - thredds.tdm.Tdm - TDS server added https://thredds.myclimateservice.eu
2018-08-27T14:28:35.386 +0000 INFO  - thredds.tdm.Tdm - ThreddsConfigReader reading xml file = /usr/local/tomcat/content/thredds/threddsConfig.xml
2018-08-27T14:28:35.418 +0000 INFO  - thredds.tdm.Tdm - TDM set DiskCache2{cachePathPolicy=NestedDirectory, alwaysUseCache=false, cachePathPolicyParam='null', root='/usr/local/tomcat/content/thredds/cache/grib/', scourEveryMinutes=-1, persistMinutes=-1, fail=false}
2018-08-27T14:28:35.435 +0000 INFO  - org.springframework.context.support.FileSystemXmlApplicationContext - Closing org.springframework.context.support.FileSystemXmlApplicationContext@470f1802: startup date [Mon Aug 27 14:28:35 UTC 2018]; root of context hierarchy
2018-08-28T06:56:20.561 +0000 INFO  - org.springframework.context.support.FileSystemXmlApplicationContext - Refreshing org.springframework.context.support.FileSystemXmlApplicationContext@470f1802: startup date [Tue Aug 28 06:56:20 UTC 2018]; root of context hierarchy
2018-08-28T06:56:20.593 +0000 INFO  - org.springframework.beans.factory.xml.XmlBeanDefinitionReader - Loading XML bean definitions from class path resource [resources/application-config.xml]
2018-08-28T06:56:20.784 +0000 INFO  - org.quartz.impl.StdSchedulerFactory - Using default implementation for ThreadExecutor
2018-08-28T06:56:20.786 +0000 INFO  - org.quartz.simpl.SimpleThreadPool - Job execution threads will use class loader of thread: main
2018-08-28T06:56:20.797 +0000 INFO  - org.quartz.core.SchedulerSignalerImpl - Initialized Scheduler Signaller of type: class org.quartz.core.SchedulerSignalerImpl
2018-08-28T06:56:20.798 +0000 INFO  - org.quartz.core.QuartzScheduler - Quartz Scheduler v.2.2.0 created.
2018-08-28T06:56:20.798 +0000 INFO  - org.quartz.simpl.RAMJobStore - RAMJobStore initialized.
2018-08-28T06:56:20.799 +0000 INFO  - org.quartz.core.QuartzScheduler - Scheduler meta-data: Quartz Scheduler (v2.2.0) 'DefaultQuartzScheduler' with instanceId 'NON_CLUSTERED'
  Scheduler class: 'org.quartz.core.QuartzScheduler' - running locally.
  NOT STARTED.
  Currently in standby mode.
  Number of jobs executed: 0
  Using thread pool 'org.quartz.simpl.SimpleThreadPool' - with 10 threads.
  Using job-store 'org.quartz.simpl.RAMJobStore' - which does not support persistence. and is not clustered.

2018-08-28T06:56:20.799 +0000 INFO  - org.quartz.impl.StdSchedulerFactory - Quartz scheduler 'DefaultQuartzScheduler' initialized from default resource file in Quartz package: 'quartz.properties'
2018-08-28T06:56:20.799 +0000 INFO  - org.quartz.impl.StdSchedulerFactory - Quartz scheduler version: 2.2.0
2018-08-28T06:56:20.800 +0000 INFO  - org.quartz.core.QuartzScheduler - Scheduler DefaultQuartzScheduler_$_NON_CLUSTERED started.
2018-08-28T06:56:20.931 +0000 INFO  - thredds.tdm.Tdm -  TDM nthreads= 1
2018-08-28T06:56:20.936 +0000 INFO  - thredds.tdm.Tdm - TDS server added https://thredds.myclimateservice.eu
2018-08-28T06:56:20.938 +0000 INFO  - thredds.tdm.Tdm - ThreddsConfigReader reading xml file = /usr/local/tomcat/content/thredds/threddsConfig.xml
2018-08-28T06:56:20.967 +0000 INFO  - thredds.tdm.Tdm - TDM set DiskCache2{cachePathPolicy=NestedDirectory, alwaysUseCache=false, cachePathPolicyParam='null', root='/usr/local/tomcat/content/thredds/cache/grib/', scourEveryMinutes=-1, persistMinutes=-1, fail=false}
2018-08-28T06:56:20.981 +0000 INFO  - org.springframework.context.support.FileSystemXmlApplicationContext - Closing org.springframework.context.support.FileSystemXmlApplicationContext@470f1802: startup date [Tue Aug 28 06:56:20 UTC 2018]; root of context hierarchy
2018-08-28T07:21:07.869 +0000 INFO  - org.springframework.context.support.FileSystemXmlApplicationContext - Refreshing org.springframework.context.support.FileSystemXmlApplicationContext@470f1802: startup date [Tue Aug 28 07:21:07 UTC 2018]; root of context hierarchy
2018-08-28T07:21:07.901 +0000 INFO  - org.springframework.beans.factory.xml.XmlBeanDefinitionReader - Loading XML bean definitions from class path resource [resources/application-config.xml]
2018-08-28T07:21:08.143 +0000 INFO  - org.quartz.impl.StdSchedulerFactory - Using default implementation for ThreadExecutor
2018-08-28T07:21:08.145 +0000 INFO  - org.quartz.simpl.SimpleThreadPool - Job execution threads will use class loader of thread: main
2018-08-28T07:21:08.175 +0000 INFO  - org.quartz.core.SchedulerSignalerImpl - Initialized Scheduler Signaller of type: class org.quartz.core.SchedulerSignalerImpl
2018-08-28T07:21:08.176 +0000 INFO  - org.quartz.core.QuartzScheduler - Quartz Scheduler v.2.2.0 created.
2018-08-28T07:21:08.177 +0000 INFO  - org.quartz.simpl.RAMJobStore - RAMJobStore initialized.
2018-08-28T07:21:08.177 +0000 INFO  - org.quartz.core.QuartzScheduler - Scheduler meta-data: Quartz Scheduler (v2.2.0) 'DefaultQuartzScheduler' with instanceId 'NON_CLUSTERED'
  Scheduler class: 'org.quartz.core.QuartzScheduler' - running locally.
  NOT STARTED.
  Currently in standby mode.
  Number of jobs executed: 0
  Using thread pool 'org.quartz.simpl.SimpleThreadPool' - with 10 threads.
  Using job-store 'org.quartz.simpl.RAMJobStore' - which does not support persistence. and is not clustered.

2018-08-28T07:21:08.177 +0000 INFO  - org.quartz.impl.StdSchedulerFactory - Quartz scheduler 'DefaultQuartzScheduler' initialized from default resource file in Quartz package: 'quartz.properties'
2018-08-28T07:21:08.177 +0000 INFO  - org.quartz.impl.StdSchedulerFactory - Quartz scheduler version: 2.2.0
2018-08-28T07:21:08.178 +0000 INFO  - org.quartz.core.QuartzScheduler - Scheduler DefaultQuartzScheduler_$_NON_CLUSTERED started.
2018-08-28T07:21:08.370 +0000 INFO  - thredds.tdm.Tdm -  TDM nthreads= 1
2018-08-28T07:21:08.376 +0000 INFO  - thredds.tdm.Tdm - TDS server added https://thredds.myclimateservice.eu
2018-08-28T07:21:08.378 +0000 INFO  - thredds.tdm.Tdm - ThreddsConfigReader reading xml file = /usr/local/tomcat/content/thredds/threddsConfig.xml
2018-08-28T07:21:08.408 +0000 INFO  - thredds.tdm.Tdm - TDM set DiskCache2{cachePathPolicy=NestedDirectory, alwaysUseCache=false, cachePathPolicyParam='null', root='/usr/local/tomcat/content/thredds/cache/grib/', scourEveryMinutes=-1, persistMinutes=-1, fail=false}
2018-08-28T07:21:08.419 +0000 INFO  - org.springframework.context.support.FileSystemXmlApplicationContext - Closing org.springframework.context.support.FileSystemXmlApplicationContext@470f1802: startup date [Tue Aug 28 07:21:07 UTC 2018]; root of context hierarchy
2018-08-28T07:31:02.721 +0000 INFO  - org.springframework.context.support.FileSystemXmlApplicationContext - Refreshing org.springframework.context.support.FileSystemXmlApplicationContext@470f1802: startup date [Tue Aug 28 07:31:02 UTC 2018]; root of context hierarchy
2018-08-28T07:31:02.753 +0000 INFO  - org.springframework.beans.factory.xml.XmlBeanDefinitionReader - Loading XML bean definitions from class path resource [resources/application-config.xml]
2018-08-28T07:31:02.981 +0000 INFO  - org.quartz.impl.StdSchedulerFactory - Using default implementation for ThreadExecutor
2018-08-28T07:31:02.983 +0000 INFO  - org.quartz.simpl.SimpleThreadPool - Job execution threads will use class loader of thread: main
2018-08-28T07:31:02.994 +0000 INFO  - org.quartz.core.SchedulerSignalerImpl - Initialized Scheduler Signaller of type: class org.quartz.core.SchedulerSignalerImpl
2018-08-28T07:31:02.995 +0000 INFO  - org.quartz.core.QuartzScheduler - Quartz Scheduler v.2.2.0 created.
2018-08-28T07:31:02.996 +0000 INFO  - org.quartz.simpl.RAMJobStore - RAMJobStore initialized.
2018-08-28T07:31:02.996 +0000 INFO  - org.quartz.core.QuartzScheduler - Scheduler meta-data: Quartz Scheduler (v2.2.0) 'DefaultQuartzScheduler' with instanceId 'NON_CLUSTERED'
  Scheduler class: 'org.quartz.core.QuartzScheduler' - running locally.
  NOT STARTED.
  Currently in standby mode.
  Number of jobs executed: 0
  Using thread pool 'org.quartz.simpl.SimpleThreadPool' - with 10 threads.
  Using job-store 'org.quartz.simpl.RAMJobStore' - which does not support persistence. and is not clustered.

2018-08-28T07:31:02.996 +0000 INFO  - org.quartz.impl.StdSchedulerFactory - Quartz scheduler 'DefaultQuartzScheduler' initialized from default resource file in Quartz package: 'quartz.properties'
2018-08-28T07:31:02.997 +0000 INFO  - org.quartz.impl.StdSchedulerFactory - Quartz scheduler version: 2.2.0
2018-08-28T07:31:02.997 +0000 INFO  - org.quartz.core.QuartzScheduler - Scheduler DefaultQuartzScheduler_$_NON_CLUSTERED started.
2018-08-28T07:31:03.197 +0000 INFO  - thredds.tdm.Tdm -  TDM nthreads= 1
2018-08-28T07:31:03.206 +0000 INFO  - thredds.tdm.Tdm - TDS server added https://thredds.myclimateservice.eu
2018-08-28T07:31:03.207 +0000 INFO  - thredds.tdm.Tdm - ThreddsConfigReader reading xml file = /usr/local/tomcat/content/thredds/threddsConfig.xml
2018-08-28T07:31:03.240 +0000 INFO  - thredds.tdm.Tdm - TDM set DiskCache2{cachePathPolicy=NestedDirectory, alwaysUseCache=false, cachePathPolicyParam='null', root='/usr/local/tomcat/content/thredds/cache/grib/', scourEveryMinutes=-1, persistMinutes=-1, fail=false}
2018-08-28T07:31:03.251 +0000 INFO  - org.springframework.context.support.FileSystemXmlApplicationContext - Closing org.springframework.context.support.FileSystemXmlApplicationContext@470f1802: startup date [Tue Aug 28 07:31:02 UTC 2018]; root of context hierarchy
2018-08-28T07:33:39.157 +0000 INFO  - org.springframework.context.support.FileSystemXmlApplicationContext - Refreshing org.springframework.context.support.FileSystemXmlApplicationContext@470f1802: startup date [Tue Aug 28 07:33:39 UTC 2018]; root of context hierarchy
2018-08-28T07:33:39.192 +0000 INFO  - org.springframework.beans.factory.xml.XmlBeanDefinitionReader - Loading XML bean definitions from class path resource [resources/application-config.xml]
2018-08-28T07:33:39.458 +0000 INFO  - org.quartz.impl.StdSchedulerFactory - Using default implementation for ThreadExecutor
2018-08-28T07:33:39.461 +0000 INFO  - org.quartz.simpl.SimpleThreadPool - Job execution threads will use class loader of thread: main
2018-08-28T07:33:39.493 +0000 INFO  - org.quartz.core.SchedulerSignalerImpl - Initialized Scheduler Signaller of type: class org.quartz.core.SchedulerSignalerImpl
2018-08-28T07:33:39.494 +0000 INFO  - org.quartz.core.QuartzScheduler - Quartz Scheduler v.2.2.0 created.
2018-08-28T07:33:39.495 +0000 INFO  - org.quartz.simpl.RAMJobStore - RAMJobStore initialized.
2018-08-28T07:33:39.495 +0000 INFO  - org.quartz.core.QuartzScheduler - Scheduler meta-data: Quartz Scheduler (v2.2.0) 'DefaultQuartzScheduler' with instanceId 'NON_CLUSTERED'
  Scheduler class: 'org.quartz.core.QuartzScheduler' - running locally.
  NOT STARTED.
  Currently in standby mode.
  Number of jobs executed: 0
  Using thread pool 'org.quartz.simpl.SimpleThreadPool' - with 10 threads.
  Using job-store 'org.quartz.simpl.RAMJobStore' - which does not support persistence. and is not clustered.

2018-08-28T07:33:39.495 +0000 INFO  - org.quartz.impl.StdSchedulerFactory - Quartz scheduler 'DefaultQuartzScheduler' initialized from default resource file in Quartz package: 'quartz.properties'
2018-08-28T07:33:39.495 +0000 INFO  - org.quartz.impl.StdSchedulerFactory - Quartz scheduler version: 2.2.0
2018-08-28T07:33:39.496 +0000 INFO  - org.quartz.core.QuartzScheduler - Scheduler DefaultQuartzScheduler_$_NON_CLUSTERED started.
2018-08-28T07:33:39.669 +0000 INFO  - thredds.tdm.Tdm -  TDM nthreads= 1
2018-08-28T07:33:39.675 +0000 INFO  - thredds.tdm.Tdm - TDS server added https://thredds.myclimateservice.eu
2018-08-28T07:33:39.677 +0000 INFO  - thredds.tdm.Tdm - ThreddsConfigReader reading xml file = /usr/local/tomcat/content/thredds/threddsConfig.xml
2018-08-28T07:33:39.707 +0000 INFO  - thredds.tdm.Tdm - TDM set DiskCache2{cachePathPolicy=NestedDirectory, alwaysUseCache=false, cachePathPolicyParam='null', root='/usr/local/tomcat/content/thredds/cache/grib/', scourEveryMinutes=-1, persistMinutes=-1, fail=false}
2018-08-28T07:33:39.726 +0000 INFO  - org.springframework.context.support.FileSystemXmlApplicationContext - Closing org.springframework.context.support.FileSystemXmlApplicationContext@470f1802: startup date [Tue Aug 28 07:33:39 UTC 2018]; root of context hierarchy
2018-08-28T07:56:20.431 +0000 INFO  - org.springframework.context.support.FileSystemXmlApplicationContext - Refreshing org.springframework.context.support.FileSystemXmlApplicationContext@470f1802: startup date [Tue Aug 28 07:56:20 UTC 2018]; root of context hierarchy
2018-08-28T07:56:20.471 +0000 INFO  - org.springframework.beans.factory.xml.XmlBeanDefinitionReader - Loading XML bean definitions from class path resource [resources/application-config.xml]
2018-08-28T07:56:20.722 +0000 INFO  - org.quartz.impl.StdSchedulerFactory - Using default implementation for ThreadExecutor
2018-08-28T07:56:20.725 +0000 INFO  - org.quartz.simpl.SimpleThreadPool - Job execution threads will use class loader of thread: main
2018-08-28T07:56:20.737 +0000 INFO  - org.quartz.core.SchedulerSignalerImpl - Initialized Scheduler Signaller of type: class org.quartz.core.SchedulerSignalerImpl
2018-08-28T07:56:20.749 +0000 INFO  - org.quartz.core.QuartzScheduler - Quartz Scheduler v.2.2.0 created.
2018-08-28T07:56:20.750 +0000 INFO  - org.quartz.simpl.RAMJobStore - RAMJobStore initialized.
2018-08-28T07:56:20.750 +0000 INFO  - org.quartz.core.QuartzScheduler - Scheduler meta-data: Quartz Scheduler (v2.2.0) 'DefaultQuartzScheduler' with instanceId 'NON_CLUSTERED'
  Scheduler class: 'org.quartz.core.QuartzScheduler' - running locally.
  NOT STARTED.
  Currently in standby mode.
  Number of jobs executed: 0
  Using thread pool 'org.quartz.simpl.SimpleThreadPool' - with 10 threads.
  Using job-store 'org.quartz.simpl.RAMJobStore' - which does not support persistence. and is not clustered.

2018-08-28T07:56:20.750 +0000 INFO  - org.quartz.impl.StdSchedulerFactory - Quartz scheduler 'DefaultQuartzScheduler' initialized from default resource file in Quartz package: 'quartz.properties'
2018-08-28T07:56:20.750 +0000 INFO  - org.quartz.impl.StdSchedulerFactory - Quartz scheduler version: 2.2.0
2018-08-28T07:56:20.751 +0000 INFO  - org.quartz.core.QuartzScheduler - Scheduler DefaultQuartzScheduler_$_NON_CLUSTERED started.
2018-08-28T07:56:20.990 +0000 INFO  - thredds.tdm.Tdm -  TDM nthreads= 1
2018-08-28T07:56:21.001 +0000 INFO  - thredds.tdm.Tdm - TDS server added https://thredds.myclimateservice.eu
2018-08-28T07:56:21.003 +0000 INFO  - thredds.tdm.Tdm - ThreddsConfigReader reading xml file = /usr/local/tomcat/content/thredds/threddsConfig.xml
2018-08-28T07:56:21.039 +0000 INFO  - thredds.tdm.Tdm - TDM set DiskCache2{cachePathPolicy=NestedDirectory, alwaysUseCache=false, cachePathPolicyParam='null', root='/usr/local/tomcat/content/thredds/cache/grib/', scourEveryMinutes=-1, persistMinutes=-1, fail=false}
2018-08-28T07:56:21.060 +0000 INFO  - org.springframework.context.support.FileSystemXmlApplicationContext - Closing org.springframework.context.support.FileSystemXmlApplicationContext@470f1802: startup date [Tue Aug 28 07:56:20 UTC 2018]; root of context hierarchy
2018-08-28T13:13:41.439 +0000 INFO  - org.springframework.context.support.FileSystemXmlApplicationContext - Refreshing org.springframework.context.support.FileSystemXmlApplicationContext@470f1802: startup date [Tue Aug 28 13:13:41 UTC 2018]; root of context hierarchy
2018-08-28T13:13:41.472 +0000 INFO  - org.springframework.beans.factory.xml.XmlBeanDefinitionReader - Loading XML bean definitions from class path resource [resources/application-config.xml]
2018-08-28T13:13:41.663 +0000 INFO  - org.quartz.impl.StdSchedulerFactory - Using default implementation for ThreadExecutor
2018-08-28T13:13:41.665 +0000 INFO  - org.quartz.simpl.SimpleThreadPool - Job execution threads will use class loader of thread: main
2018-08-28T13:13:41.680 +0000 INFO  - org.quartz.core.SchedulerSignalerImpl - Initialized Scheduler Signaller of type: class org.quartz.core.SchedulerSignalerImpl
2018-08-28T13:13:41.682 +0000 INFO  - org.quartz.core.QuartzScheduler - Quartz Scheduler v.2.2.0 created.
2018-08-28T13:13:41.682 +0000 INFO  - org.quartz.simpl.RAMJobStore - RAMJobStore initialized.
2018-08-28T13:13:41.683 +0000 INFO  - org.quartz.core.QuartzScheduler - Scheduler meta-data: Quartz Scheduler (v2.2.0) 'DefaultQuartzScheduler' with instanceId 'NON_CLUSTERED'
  Scheduler class: 'org.quartz.core.QuartzScheduler' - running locally.
  NOT STARTED.
  Currently in standby mode.
  Number of jobs executed: 0
  Using thread pool 'org.quartz.simpl.SimpleThreadPool' - with 10 threads.
  Using job-store 'org.quartz.simpl.RAMJobStore' - which does not support persistence. and is not clustered.

2018-08-28T13:13:41.683 +0000 INFO  - org.quartz.impl.StdSchedulerFactory - Quartz scheduler 'DefaultQuartzScheduler' initialized from default resource file in Quartz package: 'quartz.properties'
2018-08-28T13:13:41.683 +0000 INFO  - org.quartz.impl.StdSchedulerFactory - Quartz scheduler version: 2.2.0
2018-08-28T13:13:41.684 +0000 INFO  - org.quartz.core.QuartzScheduler - Scheduler DefaultQuartzScheduler_$_NON_CLUSTERED started.
2018-08-28T13:13:41.918 +0000 INFO  - thredds.tdm.Tdm -  TDM nthreads= 1
2018-08-28T13:13:41.924 +0000 INFO  - thredds.tdm.Tdm - TDS server added https://thredds.myclimateservice.eu
2018-08-28T13:13:41.926 +0000 INFO  - thredds.tdm.Tdm - ThreddsConfigReader reading xml file = /usr/local/tomcat/content/thredds/threddsConfig.xml
2018-08-28T13:13:41.964 +0000 INFO  - thredds.tdm.Tdm - TDM set DiskCache2{cachePathPolicy=NestedDirectory, alwaysUseCache=false, cachePathPolicyParam='null', root='/usr/local/tomcat/content/thredds/cache/grib/', scourEveryMinutes=-1, persistMinutes=-1, fail=false}
2018-08-28T13:13:41.988 +0000 INFO  - org.springframework.context.support.FileSystemXmlApplicationContext - Closing org.springframework.context.support.FileSystemXmlApplicationContext@470f1802: startup date [Tue Aug 28 13:13:41 UTC 2018]; root of context hierarchy
2018-08-28T14:00:31.250 +0000 INFO  - org.springframework.context.support.FileSystemXmlApplicationContext - Refreshing org.springframework.context.support.FileSystemXmlApplicationContext@470f1802: startup date [Tue Aug 28 14:00:31 UTC 2018]; root of context hierarchy
2018-08-28T14:00:31.285 +0000 INFO  - org.springframework.beans.factory.xml.XmlBeanDefinitionReader - Loading XML bean definitions from class path resource [resources/application-config.xml]
2018-08-28T14:00:31.490 +0000 INFO  - org.quartz.impl.StdSchedulerFactory - Using default implementation for ThreadExecutor
2018-08-28T14:00:31.492 +0000 INFO  - org.quartz.simpl.SimpleThreadPool - Job execution threads will use class loader of thread: main
2018-08-28T14:00:31.514 +0000 INFO  - org.quartz.core.SchedulerSignalerImpl - Initialized Scheduler Signaller of type: class org.quartz.core.SchedulerSignalerImpl
2018-08-28T14:00:31.515 +0000 INFO  - org.quartz.core.QuartzScheduler - Quartz Scheduler v.2.2.0 created.
2018-08-28T14:00:31.515 +0000 INFO  - org.quartz.simpl.RAMJobStore - RAMJobStore initialized.
2018-08-28T14:00:31.516 +0000 INFO  - org.quartz.core.QuartzScheduler - Scheduler meta-data: Quartz Scheduler (v2.2.0) 'DefaultQuartzScheduler' with instanceId 'NON_CLUSTERED'
  Scheduler class: 'org.quartz.core.QuartzScheduler' - running locally.
  NOT STARTED.
  Currently in standby mode.
  Number of jobs executed: 0
  Using thread pool 'org.quartz.simpl.SimpleThreadPool' - with 10 threads.
  Using job-store 'org.quartz.simpl.RAMJobStore' - which does not support persistence. and is not clustered.

2018-08-28T14:00:31.516 +0000 INFO  - org.quartz.impl.StdSchedulerFactory - Quartz scheduler 'DefaultQuartzScheduler' initialized from default resource file in Quartz package: 'quartz.properties'
2018-08-28T14:00:31.516 +0000 INFO  - org.quartz.impl.StdSchedulerFactory - Quartz scheduler version: 2.2.0
2018-08-28T14:00:31.517 +0000 INFO  - org.quartz.core.QuartzScheduler - Scheduler DefaultQuartzScheduler_$_NON_CLUSTERED started.
2018-08-28T14:00:31.770 +0000 INFO  - thredds.tdm.Tdm -  TDM nthreads= 1
2018-08-28T14:00:31.778 +0000 INFO  - thredds.tdm.Tdm - TDS server added https://thredds.myclimateservice.eu
2018-08-28T14:00:31.780 +0000 INFO  - thredds.tdm.Tdm - ThreddsConfigReader reading xml file = /usr/local/tomcat/content/thredds/threddsConfig.xml
2018-08-28T14:00:31.829 +0000 INFO  - thredds.tdm.Tdm - TDM set DiskCache2{cachePathPolicy=NestedDirectory, alwaysUseCache=false, cachePathPolicyParam='null', root='/usr/local/tomcat/content/thredds/cache/grib/', scourEveryMinutes=-1, persistMinutes=-1, fail=false}
2018-08-28T14:00:31.862 +0000 INFO  - org.springframework.context.support.FileSystemXmlApplicationContext - Closing org.springframework.context.support.FileSystemXmlApplicationContext@470f1802: startup date [Tue Aug 28 14:00:31 UTC 2018]; root of context hierarchy
2018-08-29T05:44:12.205 +0000 INFO  - org.springframework.context.support.FileSystemXmlApplicationContext - Refreshing org.springframework.context.support.FileSystemXmlApplicationContext@470f1802: startup date [Wed Aug 29 05:44:12 UTC 2018]; root of context hierarchy
2018-08-29T05:44:12.259 +0000 INFO  - org.springframework.beans.factory.xml.XmlBeanDefinitionReader - Loading XML bean definitions from class path resource [resources/application-config.xml]
2018-08-29T05:44:12.449 +0000 INFO  - org.quartz.impl.StdSchedulerFactory - Using default implementation for ThreadExecutor
2018-08-29T05:44:12.452 +0000 INFO  - org.quartz.simpl.SimpleThreadPool - Job execution threads will use class loader of thread: main
2018-08-29T05:44:12.465 +0000 INFO  - org.quartz.core.SchedulerSignalerImpl - Initialized Scheduler Signaller of type: class org.quartz.core.SchedulerSignalerImpl
2018-08-29T05:44:12.470 +0000 INFO  - org.quartz.core.QuartzScheduler - Quartz Scheduler v.2.2.0 created.
2018-08-29T05:44:12.470 +0000 INFO  - org.quartz.simpl.RAMJobStore - RAMJobStore initialized.
2018-08-29T05:44:12.471 +0000 INFO  - org.quartz.core.QuartzScheduler - Scheduler meta-data: Quartz Scheduler (v2.2.0) 'DefaultQuartzScheduler' with instanceId 'NON_CLUSTERED'
  Scheduler class: 'org.quartz.core.QuartzScheduler' - running locally.
  NOT STARTED.
  Currently in standby mode.
  Number of jobs executed: 0
  Using thread pool 'org.quartz.simpl.SimpleThreadPool' - with 10 threads.
  Using job-store 'org.quartz.simpl.RAMJobStore' - which does not support persistence. and is not clustered.

2018-08-29T05:44:12.471 +0000 INFO  - org.quartz.impl.StdSchedulerFactory - Quartz scheduler 'DefaultQuartzScheduler' initialized from default resource file in Quartz package: 'quartz.properties'
2018-08-29T05:44:12.471 +0000 INFO  - org.quartz.impl.StdSchedulerFactory - Quartz scheduler version: 2.2.0
2018-08-29T05:44:12.472 +0000 INFO  - org.quartz.core.QuartzScheduler - Scheduler DefaultQuartzScheduler_$_NON_CLUSTERED started.
2018-08-29T05:44:12.705 +0000 INFO  - thredds.tdm.Tdm -  TDM nthreads= 1
2018-08-29T05:44:12.713 +0000 INFO  - thredds.tdm.Tdm - TDS server added https://thredds.myclimateservice.eu
2018-08-29T05:44:12.716 +0000 INFO  - thredds.tdm.Tdm - ThreddsConfigReader reading xml file = /usr/local/tomcat/content/thredds/threddsConfig.xml
2018-08-29T05:44:12.774 +0000 INFO  - thredds.tdm.Tdm - TDM set DiskCache2{cachePathPolicy=NestedDirectory, alwaysUseCache=false, cachePathPolicyParam='null', root='/usr/local/tomcat/content/thredds/cache/grib/', scourEveryMinutes=-1, persistMinutes=-1, fail=false}
2018-08-29T05:44:12.814 +0000 INFO  - org.springframework.context.support.FileSystemXmlApplicationContext - Closing org.springframework.context.support.FileSystemXmlApplicationContext@470f1802: startup date [Wed Aug 29 05:44:12 UTC 2018]; root of context hierarchy
2018-08-29T09:10:32.127 +0000 INFO  - org.springframework.context.support.FileSystemXmlApplicationContext - Refreshing org.springframework.context.support.FileSystemXmlApplicationContext@470f1802: startup date [Wed Aug 29 09:10:32 UTC 2018]; root of context hierarchy
2018-08-29T09:10:32.161 +0000 INFO  - org.springframework.beans.factory.xml.XmlBeanDefinitionReader - Loading XML bean definitions from class path resource [resources/application-config.xml]
2018-08-29T09:10:32.444 +0000 INFO  - org.quartz.impl.StdSchedulerFactory - Using default implementation for ThreadExecutor
2018-08-29T09:10:32.446 +0000 INFO  - org.quartz.simpl.SimpleThreadPool - Job execution threads will use class loader of thread: main
2018-08-29T09:10:32.458 +0000 INFO  - org.quartz.core.SchedulerSignalerImpl - Initialized Scheduler Signaller of type: class org.quartz.core.SchedulerSignalerImpl
2018-08-29T09:10:32.459 +0000 INFO  - org.quartz.core.QuartzScheduler - Quartz Scheduler v.2.2.0 created.
2018-08-29T09:10:32.460 +0000 INFO  - org.quartz.simpl.RAMJobStore - RAMJobStore initialized.
2018-08-29T09:10:32.461 +0000 INFO  - org.quartz.core.QuartzScheduler - Scheduler meta-data: Quartz Scheduler (v2.2.0) 'DefaultQuartzScheduler' with instanceId 'NON_CLUSTERED'
  Scheduler class: 'org.quartz.core.QuartzScheduler' - running locally.
  NOT STARTED.
  Currently in standby mode.
  Number of jobs executed: 0
  Using thread pool 'org.quartz.simpl.SimpleThreadPool' - with 10 threads.
  Using job-store 'org.quartz.simpl.RAMJobStore' - which does not support persistence. and is not clustered.

2018-08-29T09:10:32.461 +0000 INFO  - org.quartz.impl.StdSchedulerFactory - Quartz scheduler 'DefaultQuartzScheduler' initialized from default resource file in Quartz package: 'quartz.properties'
2018-08-29T09:10:32.461 +0000 INFO  - org.quartz.impl.StdSchedulerFactory - Quartz scheduler version: 2.2.0
2018-08-29T09:10:32.461 +0000 INFO  - org.quartz.core.QuartzScheduler - Scheduler DefaultQuartzScheduler_$_NON_CLUSTERED started.
2018-08-29T09:10:32.670 +0000 INFO  - thredds.tdm.Tdm -  TDM nthreads= 1
2018-08-29T09:10:32.676 +0000 INFO  - thredds.tdm.Tdm - TDS server added https://thredds.myclimateservice.eu
2018-08-29T09:10:32.677 +0000 INFO  - thredds.tdm.Tdm - ThreddsConfigReader reading xml file = /usr/local/tomcat/content/thredds/threddsConfig.xml
2018-08-29T09:10:32.709 +0000 INFO  - thredds.tdm.Tdm - TDM set DiskCache2{cachePathPolicy=NestedDirectory, alwaysUseCache=false, cachePathPolicyParam='null', root='/usr/local/tomcat/content/thredds/cache/grib/', scourEveryMinutes=-1, persistMinutes=-1, fail=false}
2018-08-29T09:10:32.726 +0000 INFO  - org.springframework.context.support.FileSystemXmlApplicationContext - Closing org.springframework.context.support.FileSystemXmlApplicationContext@470f1802: startup date [Wed Aug 29 09:10:32 UTC 2018]; root of context hierarchy
